\BOOKMARK [1][-]{section.1}{Introduction}{}% 1
\BOOKMARK [1][-]{section.2}{The Data}{}% 2
<<<<<<< HEAD
\BOOKMARK [1][-]{section.3}{Modeling water pump functionality}{}% 3
\BOOKMARK [2][-]{subsection.3.1}{Determining a baseline}{section.3}% 4
\BOOKMARK [2][-]{subsection.3.2}{Machine learning methods for prediction}{section.3}% 5
\BOOKMARK [2][-]{subsection.3.3}{Constructing our model}{section.3}% 6
\BOOKMARK [2][-]{subsection.3.4}{Other samplers? Or Other comments?}{section.3}% 7
\BOOKMARK [1][-]{section.4}{Optimizing maintenance crew route}{}% 8
\BOOKMARK [2][-]{subsection.4.1}{The traveling salesman problem}{section.4}% 9
\BOOKMARK [2][-]{subsection.4.2}{Packing the aid truck \204 the Knapsack Problem}{section.4}% 10
\BOOKMARK [2][-]{subsection.4.3}{A brief detour for modeling assumptions}{section.4}% 11
\BOOKMARK [2][-]{subsection.4.4}{A new objective function to integrate TSP and Knapsack}{section.4}% 12
\BOOKMARK [2][-]{subsection.4.5}{Implementing the Knapsack aspect}{section.4}% 13
\BOOKMARK [2][-]{subsection.4.6}{Finding the optimal site for the resupply location}{section.4}% 14
=======
\BOOKMARK [1][-]{section.3}{Modeling water well functionality}{}% 3
\BOOKMARK [2][-]{subsection.3.1}{Model Classification}{section.3}% 4
\BOOKMARK [2][-]{subsection.3.2}{Categorical data}{section.3}% 5
\BOOKMARK [1][-]{section.4}{Modeling civil conflict}{}% 6
\BOOKMARK [2][-]{subsection.4.1}{Events in space}{section.4}% 7
\BOOKMARK [2][-]{subsection.4.2}{Events in time}{section.4}% 8
\BOOKMARK [2][-]{subsection.4.3}{Putting together the spatial and temporal}{section.4}% 9
\BOOKMARK [1][-]{section.5}{Optimizing humanitarian aid delivery}{}% 10
\BOOKMARK [2][-]{subsection.5.1}{The traveling salesman problem}{section.5}% 11
\BOOKMARK [2][-]{subsection.5.2}{Packing the aid truck \204 the Knapsack Problem}{section.5}% 12
\BOOKMARK [2][-]{subsection.5.3}{A brief detour for modeling assumptions}{section.5}% 13
\BOOKMARK [2][-]{subsection.5.4}{A new objective function to integrate TSP and Knapsack}{section.5}% 14
\BOOKMARK [2][-]{subsection.5.5}{Implementing the Knapsack aspect}{section.5}% 15
\BOOKMARK [2][-]{subsection.5.6}{Finding the optimal site for the resupply location}{section.5}% 16
>>>>>>> 03649a646cfb125064021fcf8f514829f49c338a
